<?xml version="1.0" encoding="UTF-8"?>
<!-- Generated by org.testng.reporters.JUnitXMLReporter -->
<testsuite hostname="Udruzenje-PC" ignored="0" name="Default test" tests="3" failures="0" timestamp="2021-10-18T04:51:22 CEST" time="94.812" errors="0">
  <testcase name="add5Tests" time="45.087" classname="qaSandbox.test.UseCaseTest"/>
  <testcase name="addTestWithSameTitle" time="11.424" classname="qaSandbox.test.UseCaseTest"/>
  <testcase name="deleteCreatedTests" time="29.819" classname="qaSandbox.test.UseCaseTest"/>
</testsuite> <!-- Default test -->
